[0726/175856:ERROR:process_reader_win.cc(113)] NtOpenThread: {Access Denied} A process has requested access to an object, but has not been granted those access rights.  (0xc0000022)
[0726/175856:ERROR:exception_snapshot_win.cc(57)] thread ID 7148 not found in process
[0726/175856:WARNING:crash_report_exception_handler.cc(60)] ProcessSnapshotWin::InitializeException failed
[0728/093732:ERROR:process_reader_win.cc(113)] NtOpenThread: {Access Denied} A process has requested access to an object, but has not been granted those access rights.  (0xc0000022)
[0728/093732:ERROR:exception_snapshot_win.cc(57)] thread ID 2092 not found in process
[0728/093732:WARNING:crash_report_exception_handler.cc(60)] ProcessSnapshotWin::InitializeException failed
[0728/095751:ERROR:process_reader_win.cc(113)] NtOpenThread: {Access Denied} A process has requested access to an object, but has not been granted those access rights.  (0xc0000022)
[0728/095751:ERROR:exception_snapshot_win.cc(57)] thread ID 1624 not found in process
[0728/095751:WARNING:crash_report_exception_handler.cc(60)] ProcessSnapshotWin::InitializeException failed
[0728/121803:ERROR:process_reader_win.cc(113)] NtOpenThread: {Access Denied} A process has requested access to an object, but has not been granted those access rights.  (0xc0000022)
[0728/121803:ERROR:process_reader_win.cc(113)] NtOpenThread: {Access Denied} A process has requested access to an object, but has not been granted those access rights.  (0xc0000022)
[0728/121803:ERROR:exception_snapshot_win.cc(57)] thread ID 11256 not found in process
[0728/121803:WARNING:crash_report_exception_handler.cc(60)] ProcessSnapshotWin::InitializeException failed
[0728/121803:ERROR:exception_snapshot_win.cc(57)] thread ID 9548 not found in process
[0728/121803:WARNING:crash_report_exception_handler.cc(60)] ProcessSnapshotWin::InitializeException failed
[0728/122014:ERROR:process_reader_win.cc(113)] NtOpenThread: {Access Denied} A process has requested access to an object, but has not been granted those access rights.  (0xc0000022)
[0728/122014:ERROR:exception_snapshot_win.cc(57)] thread ID 7552 not found in process
[0728/122014:WARNING:crash_report_exception_handler.cc(60)] ProcessSnapshotWin::InitializeException failed
[0728/122014:ERROR:process_reader_win.cc(113)] NtOpenThread: {Access Denied} A process has requested access to an object, but has not been granted those access rights.  (0xc0000022)
[0728/122014:ERROR:exception_snapshot_win.cc(57)] thread ID 9020 not found in process
[0728/122014:WARNING:crash_report_exception_handler.cc(60)] ProcessSnapshotWin::InitializeException failed
[0728/123659:ERROR:process_reader_win.cc(113)] NtOpenThread: {Access Denied} A process has requested access to an object, but has not been granted those access rights.  (0xc0000022)
[0728/123659:ERROR:exception_snapshot_win.cc(57)] thread ID 10944 not found in process
[0728/123659:WARNING:crash_report_exception_handler.cc(60)] ProcessSnapshotWin::InitializeException failed
[0728/123659:ERROR:process_reader_win.cc(113)] NtOpenThread: {Access Denied} A process has requested access to an object, but has not been granted those access rights.  (0xc0000022)
[0728/123659:ERROR:exception_snapshot_win.cc(57)] thread ID 11108 not found in process
[0728/123659:WARNING:crash_report_exception_handler.cc(60)] ProcessSnapshotWin::InitializeException failed
[0728/134137:ERROR:process_reader_win.cc(113)] NtOpenThread: {Access Denied} A process has requested access to an object, but has not been granted those access rights.  (0xc0000022)
[0728/134137:ERROR:exception_snapshot_win.cc(57)] thread ID 7972 not found in process
[0728/134137:WARNING:crash_report_exception_handler.cc(60)] ProcessSnapshotWin::InitializeException failed
[0728/135043:ERROR:process_reader_win.cc(113)] NtOpenThread: {Access Denied} A process has requested access to an object, but has not been granted those access rights.  (0xc0000022)
[0728/135043:ERROR:exception_snapshot_win.cc(57)] thread ID 11352 not found in process
[0728/135043:WARNING:crash_report_exception_handler.cc(60)] ProcessSnapshotWin::InitializeException failed
[0728/144803:ERROR:process_reader_win.cc(113)] NtOpenThread: {Access Denied} A process has requested access to an object, but has not been granted those access rights.  (0xc0000022)
[0728/144803:ERROR:exception_snapshot_win.cc(57)] thread ID 12976 not found in process
[0728/144803:WARNING:crash_report_exception_handler.cc(60)] ProcessSnapshotWin::InitializeException failed
[1020/124554:ERROR:process_reader_win.cc(114)] NtOpenThread: {Access Denied} A process has requested access to an object, but has not been granted those access rights.  (0xc0000022)
[1020/124554:ERROR:process_reader_win.cc(114)] NtOpenThread: {Access Denied} A process has requested access to an object, but has not been granted those access rights.  (0xc0000022)
[1020/124554:ERROR:exception_snapshot_win.cc(87)] thread ID 10756 not found in process
[1020/124554:ERROR:exception_snapshot_win.cc(87)] thread ID 9596 not found in process
[1020/124554:WARNING:crash_report_exception_handler.cc(56)] ProcessSnapshotWin::Initialize failed
[1020/124554:WARNING:crash_report_exception_handler.cc(56)] ProcessSnapshotWin::Initialize failed
[1201/184853:ERROR:process_reader_win.cc(114)] NtOpenThread: {Access Denied} A process has requested access to an object, but has not been granted those access rights.  (0xc0000022)
[1201/184853:ERROR:exception_snapshot_win.cc(87)] thread ID 3560 not found in process
[1201/184853:WARNING:crash_report_exception_handler.cc(56)] ProcessSnapshotWin::Initialize failed
[1201/185257:ERROR:process_reader_win.cc(114)] NtOpenThread: {Access Denied} A process has requested access to an object, but has not been granted those access rights.  (0xc0000022)
[1201/185257:ERROR:exception_snapshot_win.cc(87)] thread ID 4204 not found in process
[1201/185257:WARNING:crash_report_exception_handler.cc(56)] ProcessSnapshotWin::Initialize failed
[1201/185620:ERROR:process_reader_win.cc(114)] NtOpenThread: {Access Denied} A process has requested access to an object, but has not been granted those access rights.  (0xc0000022)
[1201/185620:ERROR:exception_snapshot_win.cc(87)] thread ID 480 not found in process
[1201/185620:WARNING:crash_report_exception_handler.cc(56)] ProcessSnapshotWin::Initialize failed
[1206/144553:ERROR:process_reader_win.cc(114)] NtOpenThread: {Access Denied} A process has requested access to an object, but has not been granted those access rights.  (0xc0000022)
[1206/144553:ERROR:exception_snapshot_win.cc(87)] thread ID 13064 not found in process
[1206/144553:WARNING:crash_report_exception_handler.cc(56)] ProcessSnapshotWin::Initialize failed
[1206/150852:ERROR:process_reader_win.cc(114)] NtOpenThread: {Access Denied} A process has requested access to an object, but has not been granted those access rights.  (0xc0000022)
[1206/150852:ERROR:exception_snapshot_win.cc(87)] thread ID 25632 not found in process
[1206/150852:WARNING:crash_report_exception_handler.cc(56)] ProcessSnapshotWin::Initialize failed
[1206/151006:ERROR:process_reader_win.cc(114)] NtOpenThread: {Access Denied} A process has requested access to an object, but has not been granted those access rights.  (0xc0000022)
[1206/151006:ERROR:exception_snapshot_win.cc(87)] thread ID 10552 not found in process
[1206/151006:WARNING:crash_report_exception_handler.cc(56)] ProcessSnapshotWin::Initialize failed
[0209/111837.595:ERROR:process_reader_win.cc(114)] NtOpenThread: {Access Denied} A process has requested access to an object, but has not been granted those access rights.  (0xc0000022)
[0209/111837.598:ERROR:exception_snapshot_win.cc(87)] thread ID 24976 not found in process
[0209/111837.598:WARNING:crash_report_exception_handler.cc(60)] ProcessSnapshotWin::Initialize failed
[0209/112150.280:ERROR:process_reader_win.cc(114)] NtOpenThread: {Access Denied} A process has requested access to an object, but has not been granted those access rights.  (0xc0000022)
[0209/112150.311:ERROR:exception_snapshot_win.cc(87)] thread ID 24732 not found in process
[0209/112150.311:WARNING:crash_report_exception_handler.cc(60)] ProcessSnapshotWin::Initialize failed
[0209/112150.311:ERROR:scoped_process_suspend.cc(38)] NtResumeProcess: An attempt was made to access an exiting process.  (0xc000010a)
[0406/144051.117:ERROR:process_reader_win.cc(114)] NtOpenThread: {Access Denied} A process has requested access to an object, but has not been granted those access rights.  (0xc0000022)
[0406/144051.122:ERROR:exception_snapshot_win.cc(87)] thread ID 42140 not found in process
[0406/144051.122:WARNING:crash_report_exception_handler.cc(60)] ProcessSnapshotWin::Initialize failed
