[0406/175322.589:ERROR:process_reader_win.cc(114)] NtOpenThread: {Access Denied} A process has requested access to an object, but has not been granted those access rights.  (0xc0000022)
[0406/175322.593:ERROR:exception_snapshot_win.cc(87)] thread ID 84084 not found in process
[0406/175322.593:WARNING:crash_report_exception_handler.cc(60)] ProcessSnapshotWin::Initialize failed
[0407/114556.652:ERROR:process_reader_win.cc(142)] SuspendThread: Access is denied. (0x5)
[0407/114556.655:ERROR:process_reader_win.cc(142)] SuspendThread: Access is denied. (0x5)
[0407/114556.655:ERROR:process_reader_win.cc(114)] NtOpenThread: {Access Denied} A process has requested access to an object, but has not been granted those access rights.  (0xc0000022)
[0407/114556.656:ERROR:exception_snapshot_win.cc(87)] thread ID 72064 not found in process
[0407/114556.656:WARNING:crash_report_exception_handler.cc(60)] ProcessSnapshotWin::Initialize failed
[0407/114556.688:ERROR:process_reader_win.cc(114)] NtOpenThread: {Access Denied} A process has requested access to an object, but has not been granted those access rights.  (0xc0000022)
[0407/114556.698:ERROR:exception_snapshot_win.cc(87)] thread ID 88632 not found in process
[0407/114556.698:WARNING:crash_report_exception_handler.cc(60)] ProcessSnapshotWin::Initialize failed
[0407/114556.758:ERROR:process_reader_win.cc(114)] NtOpenThread: {Access Denied} A process has requested access to an object, but has not been granted those access rights.  (0xc0000022)
[0407/114556.731:ERROR:process_reader_win.cc(114)] NtOpenThread: {Access Denied} A process has requested access to an object, but has not been granted those access rights.  (0xc0000022)
[0407/114556.763:ERROR:exception_snapshot_win.cc(87)] thread ID 65828 not found in process
[0407/114556.763:WARNING:crash_report_exception_handler.cc(60)] ProcessSnapshotWin::Initialize failed
[0407/114556.763:ERROR:exception_snapshot_win.cc(87)] thread ID 40084 not found in process
[0407/114556.763:WARNING:crash_report_exception_handler.cc(60)] ProcessSnapshotWin::Initialize failed
[0407/115318.542:ERROR:process_reader_win.cc(114)] NtOpenThread: {Access Denied} A process has requested access to an object, but has not been granted those access rights.  (0xc0000022)
[0407/115318.546:ERROR:exception_snapshot_win.cc(87)] thread ID 18560 not found in process
[0407/115318.546:WARNING:crash_report_exception_handler.cc(60)] ProcessSnapshotWin::Initialize failed
[0407/115611.576:ERROR:process_reader_win.cc(114)] NtOpenThread: {Access Denied} A process has requested access to an object, but has not been granted those access rights.  (0xc0000022)
[0407/115611.579:ERROR:exception_snapshot_win.cc(87)] thread ID 80580 not found in process
[0407/115611.579:WARNING:crash_report_exception_handler.cc(60)] ProcessSnapshotWin::Initialize failed
[0407/120236.592:ERROR:process_reader_win.cc(142)] SuspendThread: Access is denied. (0x5)
[0407/120236.636:ERROR:process_reader_win.cc(142)] SuspendThread: Access is denied. (0x5)
[0407/120236.636:ERROR:process_reader_win.cc(114)] NtOpenThread: {Access Denied} A process has requested access to an object, but has not been granted those access rights.  (0xc0000022)
[0407/120236.636:ERROR:exception_snapshot_win.cc(87)] thread ID 64048 not found in process
[0407/120236.636:WARNING:crash_report_exception_handler.cc(60)] ProcessSnapshotWin::Initialize failed
[0407/120236.635:ERROR:process_reader_win.cc(114)] NtOpenThread: {Access Denied} A process has requested access to an object, but has not been granted those access rights.  (0xc0000022)
[0407/120236.638:ERROR:exception_snapshot_win.cc(87)] thread ID 61328 not found in process
[0407/120236.639:WARNING:crash_report_exception_handler.cc(60)] ProcessSnapshotWin::Initialize failed
[0407/120236.603:ERROR:process_reader_win.cc(114)] NtOpenThread: {Access Denied} A process has requested access to an object, but has not been granted those access rights.  (0xc0000022)
[0407/120236.640:ERROR:exception_snapshot_win.cc(87)] thread ID 79796 not found in process
[0407/120236.640:WARNING:crash_report_exception_handler.cc(60)] ProcessSnapshotWin::Initialize failed
[0407/120437.790:ERROR:process_reader_win.cc(114)] NtOpenThread: {Access Denied} A process has requested access to an object, but has not been granted those access rights.  (0xc0000022)
[0407/120437.796:ERROR:exception_snapshot_win.cc(87)] thread ID 23208 not found in process
[0407/120437.796:WARNING:crash_report_exception_handler.cc(60)] ProcessSnapshotWin::Initialize failed
[0407/120437.827:ERROR:process_reader_win.cc(114)] NtOpenThread: {Access Denied} A process has requested access to an object, but has not been granted those access rights.  (0xc0000022)
[0407/120437.831:ERROR:exception_snapshot_win.cc(87)] thread ID 5884 not found in process
[0407/120437.831:WARNING:crash_report_exception_handler.cc(60)] ProcessSnapshotWin::Initialize failed
[0407/122317.185:ERROR:process_reader_win.cc(114)] NtOpenThread: {Access Denied} A process has requested access to an object, but has not been granted those access rights.  (0xc0000022)
[0407/122317.188:ERROR:exception_snapshot_win.cc(87)] thread ID 7700 not found in process
[0407/122317.188:WARNING:crash_report_exception_handler.cc(60)] ProcessSnapshotWin::Initialize failed
[0407/122319.061:ERROR:process_reader_win.cc(142)] SuspendThread: Access is denied. (0x5)
[0407/122319.064:ERROR:process_reader_win.cc(114)] NtOpenThread: {Access Denied} A process has requested access to an object, but has not been granted those access rights.  (0xc0000022)
[0407/122319.065:ERROR:exception_snapshot_win.cc(87)] thread ID 21008 not found in process
[0407/122319.065:WARNING:crash_report_exception_handler.cc(60)] ProcessSnapshotWin::Initialize failed
[0407/122319.154:ERROR:process_reader_win.cc(114)] NtOpenThread: {Access Denied} A process has requested access to an object, but has not been granted those access rights.  (0xc0000022)
[0407/122319.164:ERROR:exception_snapshot_win.cc(87)] thread ID 3524 not found in process
[0407/122319.164:WARNING:crash_report_exception_handler.cc(60)] ProcessSnapshotWin::Initialize failed
[0407/122319.152:ERROR:process_reader_win.cc(114)] NtOpenThread: {Access Denied} A process has requested access to an object, but has not been granted those access rights.  (0xc0000022)
[0407/122319.164:ERROR:exception_snapshot_win.cc(87)] thread ID 82844 not found in process
[0407/122319.164:WARNING:crash_report_exception_handler.cc(60)] ProcessSnapshotWin::Initialize failed
[0407/122319.192:ERROR:process_reader_win.cc(114)] NtOpenThread: {Access Denied} A process has requested access to an object, but has not been granted those access rights.  (0xc0000022)
[0407/122319.197:ERROR:exception_snapshot_win.cc(87)] thread ID 17504 not found in process
[0407/122319.197:WARNING:crash_report_exception_handler.cc(60)] ProcessSnapshotWin::Initialize failed
[0407/131933.707:ERROR:process_reader_win.cc(114)] NtOpenThread: {Access Denied} A process has requested access to an object, but has not been granted those access rights.  (0xc0000022)
[0407/131933.728:ERROR:exception_snapshot_win.cc(87)] thread ID 23812 not found in process
[0407/131933.728:WARNING:crash_report_exception_handler.cc(60)] ProcessSnapshotWin::Initialize failed
[0407/140055.069:ERROR:process_reader_win.cc(114)] NtOpenThread: {Access Denied} A process has requested access to an object, but has not been granted those access rights.  (0xc0000022)
[0407/140055.085:ERROR:exception_snapshot_win.cc(87)] thread ID 33612 not found in process
[0407/140055.085:WARNING:crash_report_exception_handler.cc(60)] ProcessSnapshotWin::Initialize failed
[0407/140055.067:ERROR:process_reader_win.cc(114)] NtOpenThread: {Access Denied} A process has requested access to an object, but has not been granted those access rights.  (0xc0000022)
[0407/140055.087:ERROR:exception_snapshot_win.cc(87)] thread ID 53308 not found in process
[0407/140055.087:WARNING:crash_report_exception_handler.cc(60)] ProcessSnapshotWin::Initialize failed
[0407/140055.082:ERROR:process_reader_win.cc(114)] NtOpenThread: {Access Denied} A process has requested access to an object, but has not been granted those access rights.  (0xc0000022)
[0407/140055.090:ERROR:exception_snapshot_win.cc(87)] thread ID 23656 not found in process
[0407/140055.090:WARNING:crash_report_exception_handler.cc(60)] ProcessSnapshotWin::Initialize failed
[0407/140055.069:ERROR:process_reader_win.cc(114)] NtOpenThread: {Access Denied} A process has requested access to an object, but has not been granted those access rights.  (0xc0000022)
[0407/140055.097:ERROR:exception_snapshot_win.cc(87)] thread ID 92716 not found in process
[0407/140055.097:WARNING:crash_report_exception_handler.cc(60)] ProcessSnapshotWin::Initialize failed
[0407/140055.093:ERROR:process_reader_win.cc(114)] NtOpenThread: {Access Denied} A process has requested access to an object, but has not been granted those access rights.  (0xc0000022)
[0407/140055.157:ERROR:exception_snapshot_win.cc(87)] thread ID 72620 not found in process
[0407/140055.157:WARNING:crash_report_exception_handler.cc(60)] ProcessSnapshotWin::Initialize failed
[0407/140055.367:ERROR:process_reader_win.cc(114)] NtOpenThread: {Access Denied} A process has requested access to an object, but has not been granted those access rights.  (0xc0000022)
[0407/140055.369:ERROR:exception_snapshot_win.cc(87)] thread ID 71508 not found in process
[0407/140055.369:WARNING:crash_report_exception_handler.cc(60)] ProcessSnapshotWin::Initialize failed
[0407/143553.727:ERROR:process_reader_win.cc(114)] NtOpenThread: {Access Denied} A process has requested access to an object, but has not been granted those access rights.  (0xc0000022)
[0407/143553.729:ERROR:exception_snapshot_win.cc(87)] thread ID 35932 not found in process
[0407/143553.729:WARNING:crash_report_exception_handler.cc(60)] ProcessSnapshotWin::Initialize failed
[0407/143555.970:ERROR:process_reader_win.cc(114)] NtOpenThread: {Access Denied} A process has requested access to an object, but has not been granted those access rights.  (0xc0000022)
[0407/143555.972:ERROR:exception_snapshot_win.cc(87)] thread ID 63052 not found in process
[0407/143555.972:WARNING:crash_report_exception_handler.cc(60)] ProcessSnapshotWin::Initialize failed
[0407/193405.770:ERROR:process_reader_win.cc(114)] NtOpenThread: {Access Denied} A process has requested access to an object, but has not been granted those access rights.  (0xc0000022)
[0407/193405.775:ERROR:exception_snapshot_win.cc(87)] thread ID 78552 not found in process
[0407/193405.775:WARNING:crash_report_exception_handler.cc(60)] ProcessSnapshotWin::Initialize failed
[0407/193405.773:ERROR:process_reader_win.cc(114)] NtOpenThread: {Access Denied} A process has requested access to an object, but has not been granted those access rights.  (0xc0000022)
[0407/193405.777:ERROR:exception_snapshot_win.cc(87)] thread ID 55924 not found in process
[0407/193405.777:WARNING:crash_report_exception_handler.cc(60)] ProcessSnapshotWin::Initialize failed
[0407/193405.786:ERROR:process_reader_win.cc(114)] NtOpenThread: {Access Denied} A process has requested access to an object, but has not been granted those access rights.  (0xc0000022)
[0407/193405.790:ERROR:exception_snapshot_win.cc(87)] thread ID 59316 not found in process
[0407/193405.790:WARNING:crash_report_exception_handler.cc(60)] ProcessSnapshotWin::Initialize failed
[0407/193405.794:ERROR:process_reader_win.cc(114)] NtOpenThread: {Access Denied} A process has requested access to an object, but has not been granted those access rights.  (0xc0000022)
[0407/193405.842:ERROR:exception_snapshot_win.cc(87)] thread ID 88072 not found in process
[0407/193405.846:WARNING:crash_report_exception_handler.cc(60)] ProcessSnapshotWin::Initialize failed
[0410/103331.246:ERROR:process_reader_win.cc(114)] NtOpenThread: {Access Denied} A process has requested access to an object, but has not been granted those access rights.  (0xc0000022)
[0410/103331.252:ERROR:exception_snapshot_win.cc(87)] thread ID 1556 not found in process
[0410/103331.252:WARNING:crash_report_exception_handler.cc(60)] ProcessSnapshotWin::Initialize failed
[0410/103331.249:ERROR:process_reader_win.cc(114)] NtOpenThread: {Access Denied} A process has requested access to an object, but has not been granted those access rights.  (0xc0000022)
[0410/103331.253:ERROR:exception_snapshot_win.cc(87)] thread ID 63664 not found in process
[0410/103331.253:WARNING:crash_report_exception_handler.cc(60)] ProcessSnapshotWin::Initialize failed
[0410/103331.299:ERROR:process_reader_win.cc(114)] NtOpenThread: {Access Denied} A process has requested access to an object, but has not been granted those access rights.  (0xc0000022)
[0410/103331.303:ERROR:exception_snapshot_win.cc(87)] thread ID 79140 not found in process
[0410/103331.303:WARNING:crash_report_exception_handler.cc(60)] ProcessSnapshotWin::Initialize failed
[0410/103842.605:ERROR:process_reader_win.cc(114)] NtOpenThread: {Access Denied} A process has requested access to an object, but has not been granted those access rights.  (0xc0000022)
[0410/103842.611:ERROR:exception_snapshot_win.cc(87)] thread ID 80164 not found in process
[0410/103842.611:WARNING:crash_report_exception_handler.cc(60)] ProcessSnapshotWin::Initialize failed
[0410/103842.612:ERROR:process_reader_win.cc(114)] NtOpenThread: {Access Denied} A process has requested access to an object, but has not been granted those access rights.  (0xc0000022)
[0410/103842.615:ERROR:exception_snapshot_win.cc(87)] thread ID 61204 not found in process
[0410/103842.615:WARNING:crash_report_exception_handler.cc(60)] ProcessSnapshotWin::Initialize failed
[0410/110607.138:ERROR:process_reader_win.cc(114)] NtOpenThread: {Access Denied} A process has requested access to an object, but has not been granted those access rights.  (0xc0000022)
[0410/110607.148:ERROR:exception_snapshot_win.cc(87)] thread ID 19596 not found in process
[0410/110607.148:WARNING:crash_report_exception_handler.cc(60)] ProcessSnapshotWin::Initialize failed
[0410/110607.138:ERROR:process_reader_win.cc(114)] NtOpenThread: {Access Denied} A process has requested access to an object, but has not been granted those access rights.  (0xc0000022)
[0410/110607.151:ERROR:exception_snapshot_win.cc(87)] thread ID 11764 not found in process
[0410/110607.151:WARNING:crash_report_exception_handler.cc(60)] ProcessSnapshotWin::Initialize failed
[0410/110607.164:ERROR:process_reader_win.cc(114)] NtOpenThread: {Access Denied} A process has requested access to an object, but has not been granted those access rights.  (0xc0000022)
[0410/110607.170:ERROR:exception_snapshot_win.cc(87)] thread ID 4016 not found in process
[0410/110607.170:WARNING:crash_report_exception_handler.cc(60)] ProcessSnapshotWin::Initialize failed
[0410/110607.169:ERROR:process_reader_win.cc(114)] NtOpenThread: {Access Denied} A process has requested access to an object, but has not been granted those access rights.  (0xc0000022)
[0410/110607.172:ERROR:exception_snapshot_win.cc(87)] thread ID 60628 not found in process
[0410/110607.172:WARNING:crash_report_exception_handler.cc(60)] ProcessSnapshotWin::Initialize failed
[0410/110607.171:ERROR:process_reader_win.cc(114)] NtOpenThread: {Access Denied} A process has requested access to an object, but has not been granted those access rights.  (0xc0000022)
[0410/110607.173:ERROR:exception_snapshot_win.cc(87)] thread ID 75872 not found in process
[0410/110607.173:WARNING:crash_report_exception_handler.cc(60)] ProcessSnapshotWin::Initialize failed
[0410/110607.308:ERROR:process_reader_win.cc(114)] NtOpenThread: {Access Denied} A process has requested access to an object, but has not been granted those access rights.  (0xc0000022)
[0410/110607.314:ERROR:exception_snapshot_win.cc(87)] thread ID 87132 not found in process
[0410/110607.314:WARNING:crash_report_exception_handler.cc(60)] ProcessSnapshotWin::Initialize failed
[0410/110607.309:ERROR:process_reader_win.cc(114)] NtOpenThread: {Access Denied} A process has requested access to an object, but has not been granted those access rights.  (0xc0000022)
[0410/110607.315:ERROR:exception_snapshot_win.cc(87)] thread ID 57104 not found in process
[0410/110607.315:WARNING:crash_report_exception_handler.cc(60)] ProcessSnapshotWin::Initialize failed
[0410/110736.074:ERROR:process_reader_win.cc(114)] NtOpenThread: {Access Denied} A process has requested access to an object, but has not been granted those access rights.  (0xc0000022)
[0410/110736.077:ERROR:exception_snapshot_win.cc(87)] thread ID 58080 not found in process
[0410/110736.077:WARNING:crash_report_exception_handler.cc(60)] ProcessSnapshotWin::Initialize failed
[0410/115127.206:ERROR:process_reader_win.cc(114)] NtOpenThread: {Access Denied} A process has requested access to an object, but has not been granted those access rights.  (0xc0000022)
[0410/115127.208:ERROR:exception_snapshot_win.cc(87)] thread ID 54788 not found in process
[0410/115127.208:WARNING:crash_report_exception_handler.cc(60)] ProcessSnapshotWin::Initialize failed
[0410/115127.208:ERROR:process_reader_win.cc(114)] NtOpenThread: {Access Denied} A process has requested access to an object, but has not been granted those access rights.  (0xc0000022)
[0410/115127.217:ERROR:exception_snapshot_win.cc(87)] thread ID 53124 not found in process
[0410/115127.217:WARNING:crash_report_exception_handler.cc(60)] ProcessSnapshotWin::Initialize failed
[0410/115127.208:ERROR:process_reader_win.cc(114)] NtOpenThread: {Access Denied} A process has requested access to an object, but has not been granted those access rights.  (0xc0000022)
[0410/115127.218:ERROR:exception_snapshot_win.cc(87)] thread ID 48004 not found in process
[0410/115127.218:WARNING:crash_report_exception_handler.cc(60)] ProcessSnapshotWin::Initialize failed
[0410/115127.209:ERROR:process_reader_win.cc(114)] NtOpenThread: {Access Denied} A process has requested access to an object, but has not been granted those access rights.  (0xc0000022)
[0410/115127.226:ERROR:exception_snapshot_win.cc(87)] thread ID 54976 not found in process
[0410/115127.226:WARNING:crash_report_exception_handler.cc(60)] ProcessSnapshotWin::Initialize failed
[0410/115127.225:ERROR:process_reader_win.cc(114)] NtOpenThread: {Access Denied} A process has requested access to an object, but has not been granted those access rights.  (0xc0000022)
[0410/115127.229:ERROR:exception_snapshot_win.cc(87)] thread ID 45688 not found in process
[0410/115127.229:WARNING:crash_report_exception_handler.cc(60)] ProcessSnapshotWin::Initialize failed
[0410/115127.228:ERROR:process_reader_win.cc(114)] NtOpenThread: {Access Denied} A process has requested access to an object, but has not been granted those access rights.  (0xc0000022)
[0410/115127.232:ERROR:exception_snapshot_win.cc(87)] thread ID 61028 not found in process
[0410/115127.232:WARNING:crash_report_exception_handler.cc(60)] ProcessSnapshotWin::Initialize failed
[0410/115127.230:ERROR:process_reader_win.cc(114)] NtOpenThread: {Access Denied} A process has requested access to an object, but has not been granted those access rights.  (0xc0000022)
[0410/115127.233:ERROR:exception_snapshot_win.cc(87)] thread ID 71216 not found in process
[0410/115127.233:WARNING:crash_report_exception_handler.cc(60)] ProcessSnapshotWin::Initialize failed
[0410/115127.228:ERROR:process_reader_win.cc(114)] NtOpenThread: {Access Denied} A process has requested access to an object, but has not been granted those access rights.  (0xc0000022)
[0410/115127.239:ERROR:exception_snapshot_win.cc(87)] thread ID 48636 not found in process
[0410/115127.239:WARNING:crash_report_exception_handler.cc(60)] ProcessSnapshotWin::Initialize failed
[0410/115127.249:ERROR:process_reader_win.cc(114)] NtOpenThread: {Access Denied} A process has requested access to an object, but has not been granted those access rights.  (0xc0000022)
[0410/115127.249:ERROR:process_reader_win.cc(114)] NtOpenThread: {Access Denied} A process has requested access to an object, but has not been granted those access rights.  (0xc0000022)
[0410/115127.253:ERROR:exception_snapshot_win.cc(87)] thread ID 51036 not found in process
[0410/115127.253:WARNING:crash_report_exception_handler.cc(60)] ProcessSnapshotWin::Initialize failed
[0410/115127.253:ERROR:exception_snapshot_win.cc(87)] thread ID 68076 not found in process
[0410/115127.253:WARNING:crash_report_exception_handler.cc(60)] ProcessSnapshotWin::Initialize failed
[0410/115127.270:ERROR:process_reader_win.cc(114)] NtOpenThread: {Access Denied} A process has requested access to an object, but has not been granted those access rights.  (0xc0000022)
[0410/115127.276:ERROR:exception_snapshot_win.cc(87)] thread ID 91100 not found in process
[0410/115127.276:WARNING:crash_report_exception_handler.cc(60)] ProcessSnapshotWin::Initialize failed
[0410/115127.270:ERROR:process_reader_win.cc(114)] NtOpenThread: {Access Denied} A process has requested access to an object, but has not been granted those access rights.  (0xc0000022)
[0410/115127.277:ERROR:exception_snapshot_win.cc(87)] thread ID 68280 not found in process
[0410/115127.277:WARNING:crash_report_exception_handler.cc(60)] ProcessSnapshotWin::Initialize failed
[0410/115127.257:ERROR:process_reader_win.cc(114)] NtOpenThread: {Access Denied} A process has requested access to an object, but has not been granted those access rights.  (0xc0000022)
[0410/115127.308:ERROR:exception_snapshot_win.cc(87)] thread ID 56108 not found in process
[0410/115127.308:WARNING:crash_report_exception_handler.cc(60)] ProcessSnapshotWin::Initialize failed
[0410/115726.243:ERROR:process_reader_win.cc(114)] NtOpenThread: {Access Denied} A process has requested access to an object, but has not been granted those access rights.  (0xc0000022)
[0410/115726.257:ERROR:exception_snapshot_win.cc(87)] thread ID 32672 not found in process
[0410/115726.257:WARNING:crash_report_exception_handler.cc(60)] ProcessSnapshotWin::Initialize failed
[0410/115726.300:ERROR:process_reader_win.cc(114)] NtOpenThread: {Access Denied} A process has requested access to an object, but has not been granted those access rights.  (0xc0000022)
[0410/115726.308:ERROR:exception_snapshot_win.cc(87)] thread ID 69904 not found in process
[0410/115726.308:WARNING:crash_report_exception_handler.cc(60)] ProcessSnapshotWin::Initialize failed
[0410/115726.299:ERROR:process_reader_win.cc(114)] NtOpenThread: {Access Denied} A process has requested access to an object, but has not been granted those access rights.  (0xc0000022)
[0410/115726.310:ERROR:exception_snapshot_win.cc(87)] thread ID 67844 not found in process
[0410/115726.310:WARNING:crash_report_exception_handler.cc(60)] ProcessSnapshotWin::Initialize failed
[0410/115726.374:ERROR:process_reader_win.cc(142)] SuspendThread: Access is denied. (0x5)
[0410/115726.387:ERROR:process_reader_win.cc(142)] SuspendThread: Access is denied. (0x5)
[0410/115726.387:ERROR:process_reader_win.cc(114)] NtOpenThread: {Access Denied} A process has requested access to an object, but has not been granted those access rights.  (0xc0000022)
[0410/115726.388:ERROR:exception_snapshot_win.cc(87)] thread ID 88552 not found in process
[0410/115726.388:WARNING:crash_report_exception_handler.cc(60)] ProcessSnapshotWin::Initialize failed
[0410/121249.592:ERROR:process_reader_win.cc(114)] NtOpenThread: {Access Denied} A process has requested access to an object, but has not been granted those access rights.  (0xc0000022)
[0410/121249.598:ERROR:exception_snapshot_win.cc(87)] thread ID 54568 not found in process
[0410/121249.598:WARNING:crash_report_exception_handler.cc(60)] ProcessSnapshotWin::Initialize failed
[0410/121249.633:ERROR:process_reader_win.cc(114)] NtOpenThread: {Access Denied} A process has requested access to an object, but has not been granted those access rights.  (0xc0000022)
[0410/121249.642:ERROR:exception_snapshot_win.cc(87)] thread ID 56944 not found in process
[0410/121249.642:WARNING:crash_report_exception_handler.cc(60)] ProcessSnapshotWin::Initialize failed
[0410/121249.607:ERROR:process_reader_win.cc(114)] NtOpenThread: {Access Denied} A process has requested access to an object, but has not been granted those access rights.  (0xc0000022)
[0410/121249.648:ERROR:exception_snapshot_win.cc(87)] thread ID 66540 not found in process
[0410/121249.648:WARNING:crash_report_exception_handler.cc(60)] ProcessSnapshotWin::Initialize failed
[0410/121917.349:ERROR:process_reader_win.cc(114)] NtOpenThread: {Access Denied} A process has requested access to an object, but has not been granted those access rights.  (0xc0000022)
[0410/121917.353:ERROR:exception_snapshot_win.cc(87)] thread ID 79652 not found in process
[0410/121917.353:WARNING:crash_report_exception_handler.cc(60)] ProcessSnapshotWin::Initialize failed
[0410/121917.381:ERROR:process_reader_win.cc(114)] NtOpenThread: {Access Denied} A process has requested access to an object, but has not been granted those access rights.  (0xc0000022)
[0410/121917.389:ERROR:exception_snapshot_win.cc(87)] thread ID 54988 not found in process
[0410/121917.389:WARNING:crash_report_exception_handler.cc(60)] ProcessSnapshotWin::Initialize failed
[0410/121917.393:ERROR:process_reader_win.cc(114)] NtOpenThread: {Access Denied} A process has requested access to an object, but has not been granted those access rights.  (0xc0000022)
[0410/121917.410:ERROR:exception_snapshot_win.cc(87)] thread ID 19640 not found in process
[0410/121917.410:WARNING:crash_report_exception_handler.cc(60)] ProcessSnapshotWin::Initialize failed
[0410/121917.415:ERROR:process_reader_win.cc(114)] NtOpenThread: {Access Denied} A process has requested access to an object, but has not been granted those access rights.  (0xc0000022)
[0410/121917.419:ERROR:exception_snapshot_win.cc(87)] thread ID 35836 not found in process
[0410/121917.419:WARNING:crash_report_exception_handler.cc(60)] ProcessSnapshotWin::Initialize failed
[0410/123404.624:ERROR:process_reader_win.cc(114)] NtOpenThread: {Access Denied} A process has requested access to an object, but has not been granted those access rights.  (0xc0000022)
[0410/123404.634:ERROR:exception_snapshot_win.cc(87)] thread ID 77804 not found in process
[0410/123404.634:WARNING:crash_report_exception_handler.cc(60)] ProcessSnapshotWin::Initialize failed
[0410/123404.686:ERROR:process_reader_win.cc(114)] NtOpenThread: {Access Denied} A process has requested access to an object, but has not been granted those access rights.  (0xc0000022)
[0410/123404.711:ERROR:exception_snapshot_win.cc(87)] thread ID 12240 not found in process
[0410/123404.711:WARNING:crash_report_exception_handler.cc(60)] ProcessSnapshotWin::Initialize failed
[0410/123404.698:ERROR:process_reader_win.cc(114)] NtOpenThread: {Access Denied} A process has requested access to an object, but has not been granted those access rights.  (0xc0000022)
[0410/123404.712:ERROR:exception_snapshot_win.cc(87)] thread ID 50812 not found in process
[0410/123404.712:WARNING:crash_report_exception_handler.cc(60)] ProcessSnapshotWin::Initialize failed
[0410/123404.688:ERROR:process_reader_win.cc(114)] NtOpenThread: {Access Denied} A process has requested access to an object, but has not been granted those access rights.  (0xc0000022)
[0410/123404.727:ERROR:exception_snapshot_win.cc(87)] thread ID 27344 not found in process
[0410/123404.727:WARNING:crash_report_exception_handler.cc(60)] ProcessSnapshotWin::Initialize failed
[0410/123404.710:ERROR:process_reader_win.cc(114)] NtOpenThread: {Access Denied} A process has requested access to an object, but has not been granted those access rights.  (0xc0000022)
[0410/123404.730:ERROR:exception_snapshot_win.cc(87)] thread ID 59820 not found in process
[0410/123404.730:WARNING:crash_report_exception_handler.cc(60)] ProcessSnapshotWin::Initialize failed
[0410/123404.790:ERROR:process_reader_win.cc(114)] NtOpenThread: {Access Denied} A process has requested access to an object, but has not been granted those access rights.  (0xc0000022)
[0410/123404.796:ERROR:exception_snapshot_win.cc(87)] thread ID 39360 not found in process
[0410/123404.796:WARNING:crash_report_exception_handler.cc(60)] ProcessSnapshotWin::Initialize failed
[0410/123404.922:ERROR:process_reader_win.cc(114)] NtOpenThread: {Access Denied} A process has requested access to an object, but has not been granted those access rights.  (0xc0000022)
[0410/123404.924:ERROR:exception_snapshot_win.cc(87)] thread ID 85292 not found in process
[0410/123404.924:WARNING:crash_report_exception_handler.cc(60)] ProcessSnapshotWin::Initialize failed
[0410/123921.332:ERROR:process_reader_win.cc(114)] NtOpenThread: {Access Denied} A process has requested access to an object, but has not been granted those access rights.  (0xc0000022)
[0410/123921.327:ERROR:process_reader_win.cc(114)] NtOpenThread: {Access Denied} A process has requested access to an object, but has not been granted those access rights.  (0xc0000022)
[0410/123921.339:ERROR:exception_snapshot_win.cc(87)] thread ID 64000 not found in process
[0410/123921.339:WARNING:crash_report_exception_handler.cc(60)] ProcessSnapshotWin::Initialize failed
[0410/123921.339:ERROR:exception_snapshot_win.cc(87)] thread ID 88136 not found in process
[0410/123921.339:WARNING:crash_report_exception_handler.cc(60)] ProcessSnapshotWin::Initialize failed
[0410/123921.314:ERROR:process_reader_win.cc(114)] NtOpenThread: {Access Denied} A process has requested access to an object, but has not been granted those access rights.  (0xc0000022)
[0410/123921.339:ERROR:exception_snapshot_win.cc(87)] thread ID 24108 not found in process
[0410/123921.339:WARNING:crash_report_exception_handler.cc(60)] ProcessSnapshotWin::Initialize failed
[0410/123921.423:ERROR:process_reader_win.cc(114)] NtOpenThread: {Access Denied} A process has requested access to an object, but has not been granted those access rights.  (0xc0000022)
[0410/123921.445:ERROR:exception_snapshot_win.cc(87)] thread ID 38580 not found in process
[0410/123921.445:WARNING:crash_report_exception_handler.cc(60)] ProcessSnapshotWin::Initialize failed
[0410/125135.571:ERROR:process_reader_win.cc(114)] NtOpenThread: {Access Denied} A process has requested access to an object, but has not been granted those access rights.  (0xc0000022)
[0410/125135.582:ERROR:exception_snapshot_win.cc(87)] thread ID 19004 not found in process
[0410/125135.582:WARNING:crash_report_exception_handler.cc(60)] ProcessSnapshotWin::Initialize failed
[0410/125135.572:ERROR:process_reader_win.cc(114)] NtOpenThread: {Access Denied} A process has requested access to an object, but has not been granted those access rights.  (0xc0000022)
[0410/125135.587:ERROR:exception_snapshot_win.cc(87)] thread ID 5896 not found in process
[0410/125135.587:WARNING:crash_report_exception_handler.cc(60)] ProcessSnapshotWin::Initialize failed
[0410/125135.612:ERROR:process_reader_win.cc(114)] NtOpenThread: {Access Denied} A process has requested access to an object, but has not been granted those access rights.  (0xc0000022)
[0410/125135.618:ERROR:exception_snapshot_win.cc(87)] thread ID 65420 not found in process
[0410/125135.618:WARNING:crash_report_exception_handler.cc(60)] ProcessSnapshotWin::Initialize failed
[0410/125135.611:ERROR:process_reader_win.cc(114)] NtOpenThread: {Access Denied} A process has requested access to an object, but has not been granted those access rights.  (0xc0000022)
[0410/125135.622:ERROR:exception_snapshot_win.cc(87)] thread ID 44236 not found in process
[0410/125135.622:WARNING:crash_report_exception_handler.cc(60)] ProcessSnapshotWin::Initialize failed
[0410/125732.346:ERROR:process_reader_win.cc(114)] NtOpenThread: {Access Denied} A process has requested access to an object, but has not been granted those access rights.  (0xc0000022)
[0410/125732.350:ERROR:exception_snapshot_win.cc(87)] thread ID 67728 not found in process
[0410/125732.350:WARNING:crash_report_exception_handler.cc(60)] ProcessSnapshotWin::Initialize failed
[0410/125732.360:ERROR:process_reader_win.cc(142)] SuspendThread: Access is denied. (0x5)
[0410/125732.367:ERROR:process_reader_win.cc(114)] NtOpenThread: {Access Denied} A process has requested access to an object, but has not been granted those access rights.  (0xc0000022)
[0410/125732.371:ERROR:exception_snapshot_win.cc(87)] thread ID 64592 not found in process
[0410/125732.371:WARNING:crash_report_exception_handler.cc(60)] ProcessSnapshotWin::Initialize failed
[0410/125732.361:ERROR:process_reader_win.cc(114)] NtOpenThread: {Access Denied} A process has requested access to an object, but has not been granted those access rights.  (0xc0000022)
[0410/125732.392:ERROR:exception_snapshot_win.cc(87)] thread ID 65048 not found in process
[0410/125732.392:WARNING:crash_report_exception_handler.cc(60)] ProcessSnapshotWin::Initialize failed
[0410/131139.598:ERROR:process_reader_win.cc(114)] NtOpenThread: {Access Denied} A process has requested access to an object, but has not been granted those access rights.  (0xc0000022)
[0410/131139.617:ERROR:exception_snapshot_win.cc(87)] thread ID 17292 not found in process
[0410/131139.617:WARNING:crash_report_exception_handler.cc(60)] ProcessSnapshotWin::Initialize failed
[0410/131139.601:ERROR:process_reader_win.cc(114)] NtOpenThread: {Access Denied} A process has requested access to an object, but has not been granted those access rights.  (0xc0000022)
[0410/131139.618:ERROR:exception_snapshot_win.cc(87)] thread ID 7148 not found in process
[0410/131139.618:WARNING:crash_report_exception_handler.cc(60)] ProcessSnapshotWin::Initialize failed
[0410/131139.608:ERROR:process_reader_win.cc(114)] NtOpenThread: {Access Denied} A process has requested access to an object, but has not been granted those access rights.  (0xc0000022)
[0410/131139.621:ERROR:exception_snapshot_win.cc(87)] thread ID 51036 not found in process
[0410/131139.621:WARNING:crash_report_exception_handler.cc(60)] ProcessSnapshotWin::Initialize failed
[0410/131139.619:ERROR:process_reader_win.cc(114)] NtOpenThread: {Access Denied} A process has requested access to an object, but has not been granted those access rights.  (0xc0000022)
[0410/131139.622:ERROR:exception_snapshot_win.cc(87)] thread ID 6628 not found in process
[0410/131139.622:WARNING:crash_report_exception_handler.cc(60)] ProcessSnapshotWin::Initialize failed
[0410/131139.623:ERROR:process_reader_win.cc(114)] NtOpenThread: {Access Denied} A process has requested access to an object, but has not been granted those access rights.  (0xc0000022)
[0410/131139.626:ERROR:exception_snapshot_win.cc(87)] thread ID 26252 not found in process
[0410/131139.626:WARNING:crash_report_exception_handler.cc(60)] ProcessSnapshotWin::Initialize failed
[0410/131139.756:ERROR:process_reader_win.cc(114)] NtOpenThread: {Access Denied} A process has requested access to an object, but has not been granted those access rights.  (0xc0000022)
[0410/131139.782:ERROR:exception_snapshot_win.cc(87)] thread ID 88664 not found in process
[0410/131139.782:WARNING:crash_report_exception_handler.cc(60)] ProcessSnapshotWin::Initialize failed
[0410/131139.776:ERROR:process_reader_win.cc(114)] NtOpenThread: {Access Denied} A process has requested access to an object, but has not been granted those access rights.  (0xc0000022)
[0410/131139.791:ERROR:exception_snapshot_win.cc(87)] thread ID 24104 not found in process
[0410/131139.791:WARNING:crash_report_exception_handler.cc(60)] ProcessSnapshotWin::Initialize failed
[0410/135428.220:ERROR:process_reader_win.cc(114)] NtOpenThread: {Access Denied} A process has requested access to an object, but has not been granted those access rights.  (0xc0000022)
[0410/135428.235:ERROR:exception_snapshot_win.cc(87)] thread ID 43144 not found in process
[0410/135428.222:ERROR:process_reader_win.cc(114)] NtOpenThread: {Access Denied} A process has requested access to an object, but has not been granted those access rights.  (0xc0000022)
[0410/135428.236:WARNING:crash_report_exception_handler.cc(60)] ProcessSnapshotWin::Initialize failed
[0410/135428.236:ERROR:exception_snapshot_win.cc(87)] thread ID 16768 not found in process
[0410/135428.237:WARNING:crash_report_exception_handler.cc(60)] ProcessSnapshotWin::Initialize failed
[0410/135428.227:ERROR:process_reader_win.cc(114)] NtOpenThread: {Access Denied} A process has requested access to an object, but has not been granted those access rights.  (0xc0000022)
[0410/135428.237:ERROR:exception_snapshot_win.cc(87)] thread ID 71624 not found in process
[0410/135428.237:WARNING:crash_report_exception_handler.cc(60)] ProcessSnapshotWin::Initialize failed
[0410/135428.241:ERROR:process_reader_win.cc(114)] NtOpenThread: {Access Denied} A process has requested access to an object, but has not been granted those access rights.  (0xc0000022)
[0410/135428.249:ERROR:exception_snapshot_win.cc(87)] thread ID 32060 not found in process
[0410/135428.249:WARNING:crash_report_exception_handler.cc(60)] ProcessSnapshotWin::Initialize failed
[0410/135428.255:ERROR:process_reader_win.cc(114)] NtOpenThread: {Access Denied} A process has requested access to an object, but has not been granted those access rights.  (0xc0000022)
[0410/135428.258:ERROR:exception_snapshot_win.cc(87)] thread ID 10584 not found in process
[0410/135428.258:WARNING:crash_report_exception_handler.cc(60)] ProcessSnapshotWin::Initialize failed
[0410/135428.378:ERROR:process_reader_win.cc(114)] NtOpenThread: {Access Denied} A process has requested access to an object, but has not been granted those access rights.  (0xc0000022)
[0410/135428.385:ERROR:exception_snapshot_win.cc(87)] thread ID 79788 not found in process
[0410/135428.385:WARNING:crash_report_exception_handler.cc(60)] ProcessSnapshotWin::Initialize failed
[0410/151633.710:ERROR:process_reader_win.cc(114)] NtOpenThread: {Access Denied} A process has requested access to an object, but has not been granted those access rights.  (0xc0000022)
[0410/151633.731:ERROR:exception_snapshot_win.cc(87)] thread ID 16640 not found in process
[0410/151633.718:ERROR:process_reader_win.cc(114)] NtOpenThread: {Access Denied} A process has requested access to an object, but has not been granted those access rights.  (0xc0000022)
[0410/151633.731:WARNING:crash_report_exception_handler.cc(60)] ProcessSnapshotWin::Initialize failed
[0410/151633.731:ERROR:exception_snapshot_win.cc(87)] thread ID 16652 not found in process
[0410/151633.731:WARNING:crash_report_exception_handler.cc(60)] ProcessSnapshotWin::Initialize failed
[0410/151633.757:ERROR:process_reader_win.cc(114)] NtOpenThread: {Access Denied} A process has requested access to an object, but has not been granted those access rights.  (0xc0000022)
[0410/151633.770:ERROR:exception_snapshot_win.cc(87)] thread ID 16672 not found in process
[0410/151633.771:WARNING:crash_report_exception_handler.cc(60)] ProcessSnapshotWin::Initialize failed
[0420/163630.410:ERROR:process_reader_win.cc(114)] NtOpenThread: {Access Denied} A process has requested access to an object, but has not been granted those access rights.  (0xc0000022)
[0420/163630.439:ERROR:exception_snapshot_win.cc(87)] thread ID 19176 not found in process
[0420/163630.435:ERROR:process_reader_win.cc(114)] NtOpenThread: {Access Denied} A process has requested access to an object, but has not been granted those access rights.  (0xc0000022)
[0420/163630.440:WARNING:crash_report_exception_handler.cc(60)] ProcessSnapshotWin::Initialize failed
[0420/163630.440:ERROR:exception_snapshot_win.cc(87)] thread ID 16600 not found in process
[0420/163630.440:WARNING:crash_report_exception_handler.cc(60)] ProcessSnapshotWin::Initialize failed
[0420/163630.427:ERROR:process_reader_win.cc(114)] NtOpenThread: {Access Denied} A process has requested access to an object, but has not been granted those access rights.  (0xc0000022)
[0420/163630.440:ERROR:exception_snapshot_win.cc(87)] thread ID 17636 not found in process
[0420/163630.430:ERROR:process_reader_win.cc(114)] NtOpenThread: {Access Denied} A process has requested access to an object, but has not been granted those access rights.  (0xc0000022)
[0420/163630.440:WARNING:crash_report_exception_handler.cc(60)] ProcessSnapshotWin::Initialize failed
[0420/163630.419:ERROR:process_reader_win.cc(114)] NtOpenThread: {Access Denied} A process has requested access to an object, but has not been granted those access rights.  (0xc0000022)
[0420/163630.440:ERROR:exception_snapshot_win.cc(87)] thread ID 19192 not found in process
[0420/163630.441:ERROR:exception_snapshot_win.cc(87)] thread ID 12656 not found in process
[0420/163630.410:ERROR:process_reader_win.cc(114)] NtOpenThread: {Access Denied} A process has requested access to an object, but has not been granted those access rights.  (0xc0000022)
[0420/163630.441:ERROR:exception_snapshot_win.cc(87)] thread ID 14360 not found in process
[0420/163630.441:WARNING:crash_report_exception_handler.cc(60)] ProcessSnapshotWin::Initialize failed
[0420/163630.441:WARNING:crash_report_exception_handler.cc(60)] ProcessSnapshotWin::Initialize failed
[0420/163630.441:WARNING:crash_report_exception_handler.cc(60)] ProcessSnapshotWin::Initialize failed
[0420/163630.504:ERROR:process_reader_win.cc(114)] NtOpenThread: {Access Denied} A process has requested access to an object, but has not been granted those access rights.  (0xc0000022)
[0420/163630.511:ERROR:exception_snapshot_win.cc(87)] thread ID 19304 not found in process
[0420/163630.511:WARNING:crash_report_exception_handler.cc(60)] ProcessSnapshotWin::Initialize failed
[0420/163843.579:ERROR:process_reader_win.cc(114)] NtOpenThread: {Access Denied} A process has requested access to an object, but has not been granted those access rights.  (0xc0000022)
[0420/163843.587:ERROR:exception_snapshot_win.cc(87)] thread ID 16308 not found in process
[0420/163843.587:WARNING:crash_report_exception_handler.cc(60)] ProcessSnapshotWin::Initialize failed
[0420/181143.785:ERROR:process_reader_win.cc(114)] NtOpenThread: {Access Denied} A process has requested access to an object, but has not been granted those access rights.  (0xc0000022)
[0420/181143.787:ERROR:exception_snapshot_win.cc(87)] thread ID 17032 not found in process
[0420/181143.787:WARNING:crash_report_exception_handler.cc(60)] ProcessSnapshotWin::Initialize failed
[0420/183703.159:ERROR:process_reader_win.cc(142)] SuspendThread: Access is denied. (0x5)
[0420/183703.166:ERROR:process_reader_win.cc(114)] NtOpenThread: {Access Denied} A process has requested access to an object, but has not been granted those access rights.  (0xc0000022)
[0420/183703.166:ERROR:exception_snapshot_win.cc(87)] thread ID 15400 not found in process
[0420/183703.166:WARNING:crash_report_exception_handler.cc(60)] ProcessSnapshotWin::Initialize failed
[0420/183703.238:ERROR:process_reader_win.cc(114)] NtOpenThread: {Access Denied} A process has requested access to an object, but has not been granted those access rights.  (0xc0000022)
[0420/183703.241:ERROR:exception_snapshot_win.cc(87)] thread ID 18172 not found in process
[0420/183703.241:WARNING:crash_report_exception_handler.cc(60)] ProcessSnapshotWin::Initialize failed
[0420/183703.250:ERROR:process_reader_win.cc(114)] NtOpenThread: {Access Denied} A process has requested access to an object, but has not been granted those access rights.  (0xc0000022)
[0420/183703.255:ERROR:exception_snapshot_win.cc(87)] thread ID 13216 not found in process
[0420/183703.255:WARNING:crash_report_exception_handler.cc(60)] ProcessSnapshotWin::Initialize failed
[0420/183703.250:ERROR:process_reader_win.cc(114)] NtOpenThread: {Access Denied} A process has requested access to an object, but has not been granted those access rights.  (0xc0000022)
[0420/183703.255:ERROR:exception_snapshot_win.cc(87)] thread ID 14092 not found in process
[0420/183703.255:WARNING:crash_report_exception_handler.cc(60)] ProcessSnapshotWin::Initialize failed
[0420/183703.331:ERROR:process_reader_win.cc(114)] NtOpenThread: {Access Denied} A process has requested access to an object, but has not been granted those access rights.  (0xc0000022)
[0420/183703.339:ERROR:exception_snapshot_win.cc(87)] thread ID 18636 not found in process
[0420/183703.339:WARNING:crash_report_exception_handler.cc(60)] ProcessSnapshotWin::Initialize failed
[0420/192421.804:ERROR:process_reader_win.cc(114)] NtOpenThread: {Access Denied} A process has requested access to an object, but has not been granted those access rights.  (0xc0000022)
[0420/192421.813:ERROR:exception_snapshot_win.cc(87)] thread ID 8036 not found in process
[0420/192421.813:WARNING:crash_report_exception_handler.cc(60)] ProcessSnapshotWin::Initialize failed
[0420/192421.808:ERROR:process_reader_win.cc(114)] NtOpenThread: {Access Denied} A process has requested access to an object, but has not been granted those access rights.  (0xc0000022)
[0420/192421.815:ERROR:exception_snapshot_win.cc(87)] thread ID 18404 not found in process
[0420/192421.815:WARNING:crash_report_exception_handler.cc(60)] ProcessSnapshotWin::Initialize failed
[0420/192421.814:ERROR:process_reader_win.cc(114)] NtOpenThread: {Access Denied} A process has requested access to an object, but has not been granted those access rights.  (0xc0000022)
[0420/192421.819:ERROR:exception_snapshot_win.cc(87)] thread ID 17920 not found in process
[0420/192421.820:WARNING:crash_report_exception_handler.cc(60)] ProcessSnapshotWin::Initialize failed
[0420/192421.836:ERROR:process_reader_win.cc(114)] NtOpenThread: {Access Denied} A process has requested access to an object, but has not been granted those access rights.  (0xc0000022)
[0420/192421.842:ERROR:exception_snapshot_win.cc(87)] thread ID 11740 not found in process
[0420/192421.842:WARNING:crash_report_exception_handler.cc(60)] ProcessSnapshotWin::Initialize failed
[0420/192421.917:ERROR:process_reader_win.cc(114)] NtOpenThread: {Access Denied} A process has requested access to an object, but has not been granted those access rights.  (0xc0000022)
[0420/192421.919:ERROR:exception_snapshot_win.cc(87)] thread ID 15100 not found in process
[0420/192421.919:WARNING:crash_report_exception_handler.cc(60)] ProcessSnapshotWin::Initialize failed
[0420/192421.927:ERROR:process_reader_win.cc(114)] NtOpenThread: {Access Denied} A process has requested access to an object, but has not been granted those access rights.  (0xc0000022)
[0420/192421.932:ERROR:exception_snapshot_win.cc(87)] thread ID 17692 not found in process
[0420/192421.932:WARNING:crash_report_exception_handler.cc(60)] ProcessSnapshotWin::Initialize failed
[0420/192421.932:ERROR:process_reader_win.cc(114)] NtOpenThread: {Access Denied} A process has requested access to an object, but has not been granted those access rights.  (0xc0000022)
[0420/192421.934:ERROR:exception_snapshot_win.cc(87)] thread ID 17876 not found in process
[0420/192421.934:WARNING:crash_report_exception_handler.cc(60)] ProcessSnapshotWin::Initialize failed
[0420/192421.936:ERROR:process_reader_win.cc(114)] NtOpenThread: {Access Denied} A process has requested access to an object, but has not been granted those access rights.  (0xc0000022)
[0420/192421.939:ERROR:exception_snapshot_win.cc(87)] thread ID 17304 not found in process
[0420/192421.939:WARNING:crash_report_exception_handler.cc(60)] ProcessSnapshotWin::Initialize failed
[0420/192421.955:ERROR:process_reader_win.cc(114)] NtOpenThread: {Access Denied} A process has requested access to an object, but has not been granted those access rights.  (0xc0000022)
[0420/192421.977:ERROR:exception_snapshot_win.cc(87)] thread ID 2892 not found in process
[0420/192421.977:WARNING:crash_report_exception_handler.cc(60)] ProcessSnapshotWin::Initialize failed
[0421/080756.867:ERROR:process_reader_win.cc(142)] SuspendThread: Access is denied. (0x5)
[0421/080756.925:ERROR:process_reader_win.cc(114)] NtOpenThread: {Access Denied} A process has requested access to an object, but has not been granted those access rights.  (0xc0000022)
[0421/080756.927:ERROR:exception_snapshot_win.cc(87)] thread ID 13532 not found in process
[0421/080756.927:WARNING:crash_report_exception_handler.cc(60)] ProcessSnapshotWin::Initialize failed
[0421/080756.893:ERROR:process_reader_win.cc(114)] NtOpenThread: {Access Denied} A process has requested access to an object, but has not been granted those access rights.  (0xc0000022)
[0421/080756.944:ERROR:exception_snapshot_win.cc(87)] thread ID 15604 not found in process
[0421/080756.944:WARNING:crash_report_exception_handler.cc(60)] ProcessSnapshotWin::Initialize failed
[0421/092349.831:ERROR:process_reader_win.cc(114)] NtOpenThread: {Access Denied} A process has requested access to an object, but has not been granted those access rights.  (0xc0000022)
[0421/092349.843:ERROR:exception_snapshot_win.cc(87)] thread ID 16264 not found in process
[0421/092349.843:WARNING:crash_report_exception_handler.cc(60)] ProcessSnapshotWin::Initialize failed
[0421/092349.841:ERROR:process_reader_win.cc(114)] NtOpenThread: {Access Denied} A process has requested access to an object, but has not been granted those access rights.  (0xc0000022)
[0421/092349.831:ERROR:process_reader_win.cc(114)] NtOpenThread: {Access Denied} A process has requested access to an object, but has not been granted those access rights.  (0xc0000022)
[0421/092349.845:ERROR:exception_snapshot_win.cc(87)] thread ID 12236 not found in process
[0421/092349.845:ERROR:exception_snapshot_win.cc(87)] thread ID 14764 not found in process
[0421/092349.845:WARNING:crash_report_exception_handler.cc(60)] ProcessSnapshotWin::Initialize failed
[0421/092349.845:WARNING:crash_report_exception_handler.cc(60)] ProcessSnapshotWin::Initialize failed
[0421/094141.547:ERROR:process_reader_win.cc(114)] NtOpenThread: {Access Denied} A process has requested access to an object, but has not been granted those access rights.  (0xc0000022)
[0421/094141.561:ERROR:exception_snapshot_win.cc(87)] thread ID 10640 not found in process
[0421/094141.561:WARNING:crash_report_exception_handler.cc(60)] ProcessSnapshotWin::Initialize failed
[0421/104655.022:ERROR:process_reader_win.cc(114)] NtOpenThread: {Access Denied} A process has requested access to an object, but has not been granted those access rights.  (0xc0000022)
[0421/104655.037:ERROR:exception_snapshot_win.cc(87)] thread ID 7440 not found in process
[0421/104655.037:WARNING:crash_report_exception_handler.cc(60)] ProcessSnapshotWin::Initialize failed
[0421/104655.046:ERROR:process_reader_win.cc(114)] NtOpenThread: {Access Denied} A process has requested access to an object, but has not been granted those access rights.  (0xc0000022)
[0421/104655.053:ERROR:exception_snapshot_win.cc(87)] thread ID 12832 not found in process
[0421/104655.053:WARNING:crash_report_exception_handler.cc(60)] ProcessSnapshotWin::Initialize failed
[0421/105724.671:ERROR:process_reader_win.cc(114)] NtOpenThread: {Access Denied} A process has requested access to an object, but has not been granted those access rights.  (0xc0000022)
[0421/105724.686:ERROR:exception_snapshot_win.cc(87)] thread ID 16608 not found in process
[0421/105724.686:WARNING:crash_report_exception_handler.cc(60)] ProcessSnapshotWin::Initialize failed
[0421/105730.153:ERROR:process_reader_win.cc(114)] NtOpenThread: {Access Denied} A process has requested access to an object, but has not been granted those access rights.  (0xc0000022)
[0421/105730.154:ERROR:exception_snapshot_win.cc(87)] thread ID 17756 not found in process
[0421/105730.154:WARNING:crash_report_exception_handler.cc(60)] ProcessSnapshotWin::Initialize failed
[0421/114757.620:ERROR:process_reader_win.cc(114)] NtOpenThread: {Access Denied} A process has requested access to an object, but has not been granted those access rights.  (0xc0000022)
[0421/114757.623:ERROR:exception_snapshot_win.cc(87)] thread ID 18528 not found in process
[0421/114757.623:WARNING:crash_report_exception_handler.cc(60)] ProcessSnapshotWin::Initialize failed
[0421/114757.621:ERROR:process_reader_win.cc(114)] NtOpenThread: {Access Denied} A process has requested access to an object, but has not been granted those access rights.  (0xc0000022)
[0421/114757.623:ERROR:exception_snapshot_win.cc(87)] thread ID 13624 not found in process
[0421/114757.623:WARNING:crash_report_exception_handler.cc(60)] ProcessSnapshotWin::Initialize failed
[0421/114757.646:ERROR:process_reader_win.cc(114)] NtOpenThread: {Access Denied} A process has requested access to an object, but has not been granted those access rights.  (0xc0000022)
[0421/114757.664:ERROR:exception_snapshot_win.cc(87)] thread ID 17948 not found in process
[0421/114757.665:WARNING:crash_report_exception_handler.cc(60)] ProcessSnapshotWin::Initialize failed
[0421/114757.659:ERROR:process_reader_win.cc(142)] SuspendThread: Access is denied. (0x5)
[0421/114757.669:ERROR:process_reader_win.cc(114)] NtOpenThread: An invalid Client ID was specified.  (0xc000000b)
[0421/114757.670:ERROR:process_reader_win.cc(142)] SuspendThread: Access is denied. (0x5)
[0421/114757.671:ERROR:process_reader_win.cc(142)] SuspendThread: Access is denied. (0x5)
[0421/114757.672:ERROR:process_reader_win.cc(142)] SuspendThread: Access is denied. (0x5)
[0421/114757.672:ERROR:process_reader_win.cc(142)] SuspendThread: Access is denied. (0x5)
[0421/114757.673:ERROR:process_reader_win.cc(142)] SuspendThread: Access is denied. (0x5)
[0421/114757.673:ERROR:process_reader_win.cc(142)] SuspendThread: Access is denied. (0x5)
[0421/114757.673:ERROR:process_reader_win.cc(142)] SuspendThread: Access is denied. (0x5)
[0421/114757.673:ERROR:process_reader_win.cc(114)] NtOpenThread: {Access Denied} A process has requested access to an object, but has not been granted those access rights.  (0xc0000022)
[0421/114757.673:ERROR:exception_snapshot_win.cc(87)] thread ID 11416 not found in process
[0421/114757.673:WARNING:crash_report_exception_handler.cc(60)] ProcessSnapshotWin::Initialize failed
[0421/114757.736:ERROR:process_reader_win.cc(114)] NtOpenThread: {Access Denied} A process has requested access to an object, but has not been granted those access rights.  (0xc0000022)
[0421/114757.740:ERROR:exception_snapshot_win.cc(87)] thread ID 1168 not found in process
[0421/114757.740:WARNING:crash_report_exception_handler.cc(60)] ProcessSnapshotWin::Initialize failed
[0421/115622.409:ERROR:process_reader_win.cc(114)] NtOpenThread: {Access Denied} A process has requested access to an object, but has not been granted those access rights.  (0xc0000022)
[0421/115622.412:ERROR:exception_snapshot_win.cc(87)] thread ID 16596 not found in process
[0421/115622.412:WARNING:crash_report_exception_handler.cc(60)] ProcessSnapshotWin::Initialize failed
[0421/115622.434:ERROR:process_reader_win.cc(114)] NtOpenThread: {Access Denied} A process has requested access to an object, but has not been granted those access rights.  (0xc0000022)
[0421/115622.444:ERROR:exception_snapshot_win.cc(87)] thread ID 12988 not found in process
[0421/115622.444:WARNING:crash_report_exception_handler.cc(60)] ProcessSnapshotWin::Initialize failed
[0421/115622.459:ERROR:process_reader_win.cc(114)] NtOpenThread: {Access Denied} A process has requested access to an object, but has not been granted those access rights.  (0xc0000022)
[0421/115622.469:ERROR:exception_snapshot_win.cc(87)] thread ID 18448 not found in process
[0421/115622.469:WARNING:crash_report_exception_handler.cc(60)] ProcessSnapshotWin::Initialize failed
[0421/115736.236:ERROR:process_reader_win.cc(114)] NtOpenThread: {Access Denied} A process has requested access to an object, but has not been granted those access rights.  (0xc0000022)
[0421/115736.239:ERROR:exception_snapshot_win.cc(87)] thread ID 3684 not found in process
[0421/115736.239:WARNING:crash_report_exception_handler.cc(60)] ProcessSnapshotWin::Initialize failed
[0421/120002.696:ERROR:process_reader_win.cc(114)] NtOpenThread: {Access Denied} A process has requested access to an object, but has not been granted those access rights.  (0xc0000022)
[0421/120002.699:ERROR:exception_snapshot_win.cc(87)] thread ID 16776 not found in process
[0421/120002.699:WARNING:crash_report_exception_handler.cc(60)] ProcessSnapshotWin::Initialize failed
[0421/120150.422:ERROR:process_reader_win.cc(114)] NtOpenThread: {Access Denied} A process has requested access to an object, but has not been granted those access rights.  (0xc0000022)
[0421/120150.425:ERROR:exception_snapshot_win.cc(87)] thread ID 17264 not found in process
[0421/120150.425:WARNING:crash_report_exception_handler.cc(60)] ProcessSnapshotWin::Initialize failed
[0421/121525.544:ERROR:process_reader_win.cc(114)] NtOpenThread: {Access Denied} A process has requested access to an object, but has not been granted those access rights.  (0xc0000022)
[0421/121525.549:ERROR:exception_snapshot_win.cc(87)] thread ID 16764 not found in process
[0421/121525.549:WARNING:crash_report_exception_handler.cc(60)] ProcessSnapshotWin::Initialize failed
[0421/121525.567:ERROR:process_reader_win.cc(114)] NtOpenThread: {Access Denied} A process has requested access to an object, but has not been granted those access rights.  (0xc0000022)
[0421/121525.571:ERROR:exception_snapshot_win.cc(87)] thread ID 5912 not found in process
[0421/121525.571:WARNING:crash_report_exception_handler.cc(60)] ProcessSnapshotWin::Initialize failed
[0421/121525.598:ERROR:process_reader_win.cc(114)] NtOpenThread: {Access Denied} A process has requested access to an object, but has not been granted those access rights.  (0xc0000022)
[0421/121525.606:ERROR:exception_snapshot_win.cc(87)] thread ID 16264 not found in process
[0421/121525.606:WARNING:crash_report_exception_handler.cc(60)] ProcessSnapshotWin::Initialize failed
[0421/135904.590:ERROR:process_reader_win.cc(142)] SuspendThread: Access is denied. (0x5)
[0421/135904.596:ERROR:process_reader_win.cc(142)] SuspendThread: Access is denied. (0x5)
[0421/135904.596:ERROR:process_reader_win.cc(142)] SuspendThread: Access is denied. (0x5)
[0421/135904.596:ERROR:process_reader_win.cc(114)] NtOpenThread: {Access Denied} A process has requested access to an object, but has not been granted those access rights.  (0xc0000022)
[0421/135904.614:ERROR:exception_snapshot_win.cc(87)] thread ID 16204 not found in process
[0421/135904.614:WARNING:crash_report_exception_handler.cc(60)] ProcessSnapshotWin::Initialize failed
[0421/135904.597:ERROR:process_reader_win.cc(114)] NtOpenThread: {Access Denied} A process has requested access to an object, but has not been granted those access rights.  (0xc0000022)
[0421/135904.614:ERROR:exception_snapshot_win.cc(87)] thread ID 11996 not found in process
[0421/135904.614:WARNING:crash_report_exception_handler.cc(60)] ProcessSnapshotWin::Initialize failed
[0502/104000.785:ERROR:process_reader_win.cc(114)] NtOpenThread: {Access Denied} A process has requested access to an object, but has not been granted those access rights.  (0xc0000022)
[0502/104000.796:ERROR:exception_snapshot_win.cc(87)] thread ID 16412 not found in process
[0502/104000.796:WARNING:crash_report_exception_handler.cc(60)] ProcessSnapshotWin::Initialize failed
[0502/104000.802:ERROR:process_reader_win.cc(114)] NtOpenThread: {Access Denied} A process has requested access to an object, but has not been granted those access rights.  (0xc0000022)
[0502/104000.807:ERROR:exception_snapshot_win.cc(87)] thread ID 16552 not found in process
[0502/104000.807:WARNING:crash_report_exception_handler.cc(60)] ProcessSnapshotWin::Initialize failed
[0504/122317.891:ERROR:process_reader_win.cc(114)] NtOpenThread: {Access Denied} A process has requested access to an object, but has not been granted those access rights.  (0xc0000022)
[0504/122317.912:ERROR:exception_snapshot_win.cc(87)] thread ID 8224 not found in process
[0504/122317.912:WARNING:crash_report_exception_handler.cc(60)] ProcessSnapshotWin::Initialize failed
[0504/142442.897:ERROR:process_reader_win.cc(114)] NtOpenThread: {Access Denied} A process has requested access to an object, but has not been granted those access rights.  (0xc0000022)
[0504/142442.897:ERROR:exception_snapshot_win.cc(87)] thread ID 15432 not found in process
[0504/142442.897:WARNING:crash_report_exception_handler.cc(60)] ProcessSnapshotWin::Initialize failed
[0504/142442.897:ERROR:process_reader_win.cc(114)] NtOpenThread: {Access Denied} A process has requested access to an object, but has not been granted those access rights.  (0xc0000022)
[0504/142442.897:ERROR:exception_snapshot_win.cc(87)] thread ID 17056 not found in process
[0504/142442.897:WARNING:crash_report_exception_handler.cc(60)] ProcessSnapshotWin::Initialize failed
[0504/151215.329:ERROR:process_reader_win.cc(114)] NtOpenThread: {Access Denied} A process has requested access to an object, but has not been granted those access rights.  (0xc0000022)
[0504/151215.338:ERROR:exception_snapshot_win.cc(87)] thread ID 18460 not found in process
[0504/151215.338:WARNING:crash_report_exception_handler.cc(60)] ProcessSnapshotWin::Initialize failed
[0504/151215.351:ERROR:process_reader_win.cc(114)] NtOpenThread: {Access Denied} A process has requested access to an object, but has not been granted those access rights.  (0xc0000022)
[0504/151215.354:ERROR:exception_snapshot_win.cc(87)] thread ID 20200 not found in process
[0504/151215.354:WARNING:crash_report_exception_handler.cc(60)] ProcessSnapshotWin::Initialize failed
[0504/151215.471:ERROR:process_reader_win.cc(114)] NtOpenThread: {Access Denied} A process has requested access to an object, but has not been granted those access rights.  (0xc0000022)
[0504/151215.480:ERROR:exception_snapshot_win.cc(87)] thread ID 20260 not found in process
[0504/151215.480:WARNING:crash_report_exception_handler.cc(60)] ProcessSnapshotWin::Initialize failed
[0504/151215.482:ERROR:process_reader_win.cc(114)] NtOpenThread: {Access Denied} A process has requested access to an object, but has not been granted those access rights.  (0xc0000022)
[0504/151215.484:ERROR:exception_snapshot_win.cc(87)] thread ID 19532 not found in process
[0504/151215.484:WARNING:crash_report_exception_handler.cc(60)] ProcessSnapshotWin::Initialize failed
[0504/151215.493:ERROR:process_reader_win.cc(114)] NtOpenThread: {Access Denied} A process has requested access to an object, but has not been granted those access rights.  (0xc0000022)
[0504/151215.522:ERROR:exception_snapshot_win.cc(87)] thread ID 20448 not found in process
[0504/151215.523:WARNING:crash_report_exception_handler.cc(60)] ProcessSnapshotWin::Initialize failed
[0504/174315.683:ERROR:process_reader_win.cc(114)] NtOpenThread: {Access Denied} A process has requested access to an object, but has not been granted those access rights.  (0xc0000022)
[0504/174315.683:ERROR:exception_snapshot_win.cc(87)] thread ID 16848 not found in process
[0504/174315.683:WARNING:crash_report_exception_handler.cc(60)] ProcessSnapshotWin::Initialize failed
[0509/102412.755:ERROR:process_reader_win.cc(114)] NtOpenThread: {Access Denied} A process has requested access to an object, but has not been granted those access rights.  (0xc0000022)
[0509/102412.776:ERROR:process_reader_win.cc(114)] NtOpenThread: {Access Denied} A process has requested access to an object, but has not been granted those access rights.  (0xc0000022)
[0509/102412.778:ERROR:exception_snapshot_win.cc(87)] thread ID 10444 not found in process
[0509/102412.778:ERROR:exception_snapshot_win.cc(87)] thread ID 18300 not found in process
[0509/102412.764:ERROR:process_reader_win.cc(114)] NtOpenThread: {Access Denied} A process has requested access to an object, but has not been granted those access rights.  (0xc0000022)
[0509/102412.778:WARNING:crash_report_exception_handler.cc(60)] ProcessSnapshotWin::Initialize failed
[0509/102412.778:WARNING:crash_report_exception_handler.cc(60)] ProcessSnapshotWin::Initialize failed
[0509/102412.778:ERROR:exception_snapshot_win.cc(87)] thread ID 17532 not found in process
[0509/102412.778:WARNING:crash_report_exception_handler.cc(60)] ProcessSnapshotWin::Initialize failed
[0509/113608.897:ERROR:process_reader_win.cc(114)] NtOpenThread: {Access Denied} A process has requested access to an object, but has not been granted those access rights.  (0xc0000022)
[0509/113608.898:ERROR:exception_snapshot_win.cc(87)] thread ID 17888 not found in process
[0509/113608.898:WARNING:crash_report_exception_handler.cc(60)] ProcessSnapshotWin::Initialize failed
[0509/113608.901:ERROR:process_reader_win.cc(114)] NtOpenThread: {Access Denied} A process has requested access to an object, but has not been granted those access rights.  (0xc0000022)
[0509/113608.903:ERROR:exception_snapshot_win.cc(87)] thread ID 15492 not found in process
[0509/113608.903:WARNING:crash_report_exception_handler.cc(60)] ProcessSnapshotWin::Initialize failed
[0509/121313.752:ERROR:process_reader_win.cc(114)] NtOpenThread: {Access Denied} A process has requested access to an object, but has not been granted those access rights.  (0xc0000022)
[0509/121313.754:ERROR:exception_snapshot_win.cc(87)] thread ID 6624 not found in process
[0509/121313.754:WARNING:crash_report_exception_handler.cc(60)] ProcessSnapshotWin::Initialize failed
[0509/121313.809:ERROR:process_reader_win.cc(114)] NtOpenThread: {Access Denied} A process has requested access to an object, but has not been granted those access rights.  (0xc0000022)
[0509/121313.824:ERROR:exception_snapshot_win.cc(87)] thread ID 20244 not found in process
[0509/121313.824:WARNING:crash_report_exception_handler.cc(60)] ProcessSnapshotWin::Initialize failed
[0510/111744.148:ERROR:process_reader_win.cc(114)] NtOpenThread: {Access Denied} A process has requested access to an object, but has not been granted those access rights.  (0xc0000022)
[0510/111744.149:ERROR:exception_snapshot_win.cc(87)] thread ID 18820 not found in process
[0510/111744.149:WARNING:crash_report_exception_handler.cc(60)] ProcessSnapshotWin::Initialize failed
[0510/112000.796:ERROR:process_reader_win.cc(114)] NtOpenThread: {Access Denied} A process has requested access to an object, but has not been granted those access rights.  (0xc0000022)
[0510/112000.812:ERROR:exception_snapshot_win.cc(87)] thread ID 6800 not found in process
[0510/112000.812:WARNING:crash_report_exception_handler.cc(60)] ProcessSnapshotWin::Initialize failed
